<?xml version="1.0" encoding="UTF-8"?>
<!-- Generated by org.testng.reporters.JUnitXMLReporter -->
<testsuite ignored="0" hostname="DESKTOP-7QLBC7F" failures="0" tests="1" name="testngTest" time="68.39" errors="0" timestamp="2023-11-06T17:38:38 IST">
  <testcase classname="base.WebDriverWrapper" name="@AfterMethod afterMethod" time="0.014">
    <failure type="java.lang.NullPointerException" message="Cannot invoke &amp;quot;com.aventstack.extentreports.ExtentTest.log(com.aventstack.extentreports.Status, com.aventstack.extentreports.markuputils.Markup)&amp;quot; because &amp;quot;this.logger&amp;quot; is null">
      <![CDATA[java.lang.NullPointerException: Cannot invoke "com.aventstack.extentreports.ExtentTest.log(com.aventstack.extentreports.Status, com.aventstack.extentreports.markuputils.Markup)" because "this.logger" is null
at base.WebDriverWrapper.afterMethod(WebDriverWrapper.java:61)
at java.base/java.util.ArrayList.forEach(ArrayList.java:1511)
... Removed 32 stack frames]]>
    </failure>
  </testcase> <!-- @AfterMethod afterMethod -->
  <testcase classname="test.Pharmacy.PharmacyManageAppointmentsTest" name="pharmacyManageAppointmentsTest" time="61.997"/>
</testsuite> <!-- testngTest -->
