<?xml version="1.0" encoding="UTF-8"?>
<!-- Generated by org.testng.reporters.JUnitXMLReporter -->
<testsuite ignored="16" hostname="DESKTOP-7QLBC7F" failures="0" tests="9" name="testngTest" time="31.684" errors="0" timestamp="2023-11-08T16:57:33 IST">
  <testcase classname="base.WebDriverWrapper" name="@BeforeMethod setUp" time="1.178">
    <failure type="java.lang.NullPointerException" message="Cannot invoke &amp;quot;com.aventstack.extentreports.ExtentReports.createTest(String)&amp;quot; because &amp;quot;this.extent&amp;quot; is null">
      <![CDATA[java.lang.NullPointerException: Cannot invoke "com.aventstack.extentreports.ExtentReports.createTest(String)" because "this.extent" is null
at base.WebDriverWrapper.setUp(WebDriverWrapper.java:47)
at java.base/java.util.ArrayList.forEach(ArrayList.java:1511)
... Removed 31 stack frames]]>
    </failure>
  </testcase> <!-- @BeforeMethod setUp -->
  <testcase classname="base.WebDriverWrapper" name="@AfterMethod afterMethod" time="-1.699442843512E9">
    <skipped/>
  </testcase> <!-- @AfterMethod afterMethod -->
  <testcase classname="base.WebDriverWrapper" name="@BeforeMethod setUp" time="1.24">
    <failure type="java.lang.NullPointerException" message="Cannot invoke &amp;quot;com.aventstack.extentreports.ExtentReports.createTest(String)&amp;quot; because &amp;quot;this.extent&amp;quot; is null">
      <![CDATA[java.lang.NullPointerException: Cannot invoke "com.aventstack.extentreports.ExtentReports.createTest(String)" because "this.extent" is null
at base.WebDriverWrapper.setUp(WebDriverWrapper.java:47)
at java.base/java.util.ArrayList.forEach(ArrayList.java:1511)
... Removed 31 stack frames]]>
    </failure>
  </testcase> <!-- @BeforeMethod setUp -->
  <testcase classname="base.WebDriverWrapper" name="@AfterMethod afterMethod" time="-1.699442844771E9">
    <skipped/>
  </testcase> <!-- @AfterMethod afterMethod -->
  <testcase classname="base.WebDriverWrapper" name="@BeforeMethod setUp" time="1.181">
    <failure type="java.lang.NullPointerException" message="Cannot invoke &amp;quot;com.aventstack.extentreports.ExtentReports.createTest(String)&amp;quot; because &amp;quot;this.extent&amp;quot; is null">
      <![CDATA[java.lang.NullPointerException: Cannot invoke "com.aventstack.extentreports.ExtentReports.createTest(String)" because "this.extent" is null
at base.WebDriverWrapper.setUp(WebDriverWrapper.java:47)
at java.base/java.util.ArrayList.forEach(ArrayList.java:1511)
... Removed 31 stack frames]]>
    </failure>
  </testcase> <!-- @BeforeMethod setUp -->
  <testcase classname="base.WebDriverWrapper" name="@AfterMethod afterMethod" time="-1.699442845962E9">
    <skipped/>
  </testcase> <!-- @AfterMethod afterMethod -->
  <testcase classname="base.WebDriverWrapper" name="@BeforeMethod setUp" time="1.46">
    <failure type="java.lang.NullPointerException" message="Cannot invoke &amp;quot;com.aventstack.extentreports.ExtentReports.createTest(String)&amp;quot; because &amp;quot;this.extent&amp;quot; is null">
      <![CDATA[java.lang.NullPointerException: Cannot invoke "com.aventstack.extentreports.ExtentReports.createTest(String)" because "this.extent" is null
at base.WebDriverWrapper.setUp(WebDriverWrapper.java:47)
at java.base/java.util.ArrayList.forEach(ArrayList.java:1511)
... Removed 31 stack frames]]>
    </failure>
  </testcase> <!-- @BeforeMethod setUp -->
  <testcase classname="base.WebDriverWrapper" name="@AfterMethod afterMethod" time="-1.699442847434E9">
    <skipped/>
  </testcase> <!-- @AfterMethod afterMethod -->
  <testcase classname="base.WebDriverWrapper" name="@BeforeMethod setUp" time="1.259">
    <failure type="java.lang.NullPointerException" message="Cannot invoke &amp;quot;com.aventstack.extentreports.ExtentReports.createTest(String)&amp;quot; because &amp;quot;this.extent&amp;quot; is null">
      <![CDATA[java.lang.NullPointerException: Cannot invoke "com.aventstack.extentreports.ExtentReports.createTest(String)" because "this.extent" is null
at base.WebDriverWrapper.setUp(WebDriverWrapper.java:47)
at java.base/java.util.ArrayList.forEach(ArrayList.java:1511)
... Removed 31 stack frames]]>
    </failure>
  </testcase> <!-- @BeforeMethod setUp -->
  <testcase classname="base.WebDriverWrapper" name="@AfterMethod afterMethod" time="-1.699442848703E9">
    <skipped/>
  </testcase> <!-- @AfterMethod afterMethod -->
  <testcase classname="base.WebDriverWrapper" name="@BeforeMethod setUp" time="1.148">
    <failure type="java.lang.NullPointerException" message="Cannot invoke &amp;quot;com.aventstack.extentreports.ExtentReports.createTest(String)&amp;quot; because &amp;quot;this.extent&amp;quot; is null">
      <![CDATA[java.lang.NullPointerException: Cannot invoke "com.aventstack.extentreports.ExtentReports.createTest(String)" because "this.extent" is null
at base.WebDriverWrapper.setUp(WebDriverWrapper.java:47)
at java.base/java.util.ArrayList.forEach(ArrayList.java:1511)
... Removed 31 stack frames]]>
    </failure>
  </testcase> <!-- @BeforeMethod setUp -->
  <testcase classname="base.WebDriverWrapper" name="@AfterMethod afterMethod" time="-1.699442849858E9">
    <skipped/>
  </testcase> <!-- @AfterMethod afterMethod -->
  <testcase classname="base.WebDriverWrapper" name="@BeforeMethod setUp" time="1.691">
    <failure type="java.lang.NullPointerException" message="Cannot invoke &amp;quot;com.aventstack.extentreports.ExtentReports.createTest(String)&amp;quot; because &amp;quot;this.extent&amp;quot; is null">
      <![CDATA[java.lang.NullPointerException: Cannot invoke "com.aventstack.extentreports.ExtentReports.createTest(String)" because "this.extent" is null
at base.WebDriverWrapper.setUp(WebDriverWrapper.java:47)
at java.base/java.util.ArrayList.forEach(ArrayList.java:1511)
... Removed 31 stack frames]]>
    </failure>
  </testcase> <!-- @BeforeMethod setUp -->
  <testcase classname="base.WebDriverWrapper" name="@AfterMethod afterMethod" time="-1.699442852152E9">
    <skipped/>
  </testcase> <!-- @AfterMethod afterMethod -->
  <testcase classname="base.WebDriverWrapper" name="@BeforeMethod setUp" time="1.277">
    <failure type="java.lang.NullPointerException" message="Cannot invoke &amp;quot;com.aventstack.extentreports.ExtentReports.createTest(String)&amp;quot; because &amp;quot;this.extent&amp;quot; is null">
      <![CDATA[java.lang.NullPointerException: Cannot invoke "com.aventstack.extentreports.ExtentReports.createTest(String)" because "this.extent" is null
at base.WebDriverWrapper.setUp(WebDriverWrapper.java:47)
at java.base/java.util.ArrayList.forEach(ArrayList.java:1511)
... Removed 31 stack frames]]>
    </failure>
  </testcase> <!-- @BeforeMethod setUp -->
  <testcase classname="base.WebDriverWrapper" name="@AfterMethod afterMethod" time="-1.699442853438E9">
    <skipped/>
  </testcase> <!-- @AfterMethod afterMethod -->
  <testcase classname="test.OutpatientClinic.OutpatientClinicLoginTest" name="outpatientClinicValidCredentialtest" time="13.731"/>
  <testcase classname="test.OutpatientClinic.OutpatientClinicManageAppointmentsTest" name="outpatientClinicManageAppointmentsTest" time="0.0">
    <skipped/>
  </testcase> <!-- outpatientClinicManageAppointmentsTest -->
  <testcase classname="test.OutpatientClinic.AppointmentSchedulingManageServiceTypes" name="appointmentSchedulingManageServiceTypesTest" time="0.0">
    <skipped/>
  </testcase> <!-- appointmentSchedulingManageServiceTypesTest -->
  <testcase classname="test.OutpatientClinic.FindPatientRecordTest" name="findPatientRecordTest" time="0.0">
    <skipped/>
  </testcase> <!-- findPatientRecordTest -->
  <testcase classname="test.OutpatientClinic.SearchCapturevitalsByName" name="searchCapturevitalsByNametest" time="0.0">
    <skipped/>
  </testcase> <!-- searchCapturevitalsByNametest -->
  <testcase classname="test.OutpatientClinic.SearchCapturevitalsByPatientID" name="searchCapturevitalsByPatientIDtest" time="0.0">
    <skipped/>
  </testcase> <!-- searchCapturevitalsByPatientIDtest -->
  <testcase classname="test.OutpatientClinic.RegisterPatientTest" name="registerPatientRecordTest" time="0.0">
    <skipped/>
  </testcase> <!-- registerPatientRecordTest -->
  <testcase classname="test.OutpatientClinic.RegisterPatientExcelDPTest" name="registerPatientRecordExcelDPTest" time="0.0">
    <skipped/>
  </testcase> <!-- registerPatientRecordExcelDPTest -->
  <testcase classname="test.OutpatientClinic.CaptureVitals" name="searchCapturevitalsByNametest" time="0.0">
    <skipped/>
  </testcase> <!-- searchCapturevitalsByNametest -->
  <testcase classname="base.WebDriverWrapper" name="@AfterTest aftertest" time="0.0">
    <ignored/>
  </testcase> <!-- @AfterTest aftertest -->
  <testcase classname="base.WebDriverWrapper" name="@AfterTest aftertest" time="0.0">
    <ignored/>
  </testcase> <!-- @AfterTest aftertest -->
  <testcase classname="base.WebDriverWrapper" name="@AfterTest aftertest" time="0.0">
    <ignored/>
  </testcase> <!-- @AfterTest aftertest -->
  <testcase classname="base.WebDriverWrapper" name="@AfterTest aftertest" time="0.0">
    <ignored/>
  </testcase> <!-- @AfterTest aftertest -->
  <testcase classname="base.WebDriverWrapper" name="@AfterTest aftertest" time="0.0">
    <ignored/>
  </testcase> <!-- @AfterTest aftertest -->
  <testcase classname="base.WebDriverWrapper" name="@AfterTest aftertest" time="0.0">
    <ignored/>
  </testcase> <!-- @AfterTest aftertest -->
  <testcase classname="base.WebDriverWrapper" name="@AfterTest aftertest" time="0.0">
    <ignored/>
  </testcase> <!-- @AfterTest aftertest -->
  <testcase classname="base.WebDriverWrapper" name="@AfterTest aftertest" time="0.0">
    <ignored/>
  </testcase> <!-- @AfterTest aftertest -->
  <testcase classname="base.WebDriverWrapper" name="@BeforeTest beforeTestMethod" time="0.0">
    <ignored/>
  </testcase> <!-- @BeforeTest beforeTestMethod -->
  <testcase classname="base.WebDriverWrapper" name="@BeforeTest beforeTestMethod" time="0.0">
    <ignored/>
  </testcase> <!-- @BeforeTest beforeTestMethod -->
  <testcase classname="base.WebDriverWrapper" name="@BeforeTest beforeTestMethod" time="0.0">
    <ignored/>
  </testcase> <!-- @BeforeTest beforeTestMethod -->
  <testcase classname="base.WebDriverWrapper" name="@BeforeTest beforeTestMethod" time="0.0">
    <ignored/>
  </testcase> <!-- @BeforeTest beforeTestMethod -->
  <testcase classname="base.WebDriverWrapper" name="@BeforeTest beforeTestMethod" time="0.0">
    <ignored/>
  </testcase> <!-- @BeforeTest beforeTestMethod -->
  <testcase classname="base.WebDriverWrapper" name="@BeforeTest beforeTestMethod" time="0.0">
    <ignored/>
  </testcase> <!-- @BeforeTest beforeTestMethod -->
  <testcase classname="base.WebDriverWrapper" name="@BeforeTest beforeTestMethod" time="0.0">
    <ignored/>
  </testcase> <!-- @BeforeTest beforeTestMethod -->
  <testcase classname="base.WebDriverWrapper" name="@BeforeTest beforeTestMethod" time="0.0">
    <ignored/>
  </testcase> <!-- @BeforeTest beforeTestMethod -->
</testsuite> <!-- testngTest -->
