<?xml version="1.0" encoding="UTF-8"?>
<testng-results ignored="0" total="1" passed="1" failed="0" skipped="0">
  <reporter-output>
  </reporter-output>
  <suite started-at="2023-11-01T18:49:18 IST" name="Default suite" finished-at="2023-11-01T18:49:36 IST" duration-ms="18382">
    <groups>
    </groups>
    <test started-at="2023-11-01T18:49:18 IST" name="Default test" finished-at="2023-11-01T18:49:36 IST" duration-ms="18382">
      <class name="test.OutpatientClinicTest">
        <test-method is-config="true" signature="setUp()[pri:0, instance:test.OutpatientClinicTest@55b699ef]" started-at="2023-11-01T18:49:18 IST" name="setUp" finished-at="2023-11-01T18:49:24 IST" duration-ms="6074" status="PASS">
          <reporter-output>
          </reporter-output>
        </test-method> <!-- setUp -->
        <test-method signature="outpatientClinicValidCredentialtest(java.lang.String,java.lang.String)[pri:0, instance:test.OutpatientClinicTest@55b699ef]" started-at="2023-11-01T18:49:24 IST" name="outpatientClinicValidCredentialtest" data-provider="validCredentialData" finished-at="2023-11-01T18:49:36 IST" duration-ms="11966" status="PASS">
          <params>
            <param index="0">
              <value>
                <![CDATA[Admin]]>
              </value>
            </param>
            <param index="1">
              <value>
                <![CDATA[Admin123]]>
              </value>
            </param>
          </params>
          <reporter-output>
          </reporter-output>
        </test-method> <!-- outpatientClinicValidCredentialtest -->
        <test-method is-config="true" signature="teardown()[pri:0, instance:test.OutpatientClinicTest@55b699ef]" started-at="2023-11-01T18:49:36 IST" name="teardown" finished-at="2023-11-01T18:49:36 IST" duration-ms="269" status="PASS">
          <reporter-output>
          </reporter-output>
        </test-method> <!-- teardown -->
      </class> <!-- test.OutpatientClinicTest -->
    </test> <!-- Default test -->
  </suite> <!-- Default suite -->
</testng-results>
