<?xml version="1.0" encoding="UTF-8"?>
<testng-results ignored="0" total="1" passed="1" failed="0" skipped="0">
  <reporter-output>
  </reporter-output>
  <suite started-at="2023-11-08T19:53:52 IST" name="Default suite" finished-at="2023-11-08T19:54:28 IST" duration-ms="36056">
    <groups>
    </groups>
    <test started-at="2023-11-08T19:53:52 IST" name="Default test" finished-at="2023-11-08T19:54:28 IST" duration-ms="36056">
      <class name="test.OutpatientClinic.CaptureVitals">
        <test-method is-config="true" signature="beforeTestMethod()[pri:0, instance:test.OutpatientClinic.CaptureVitals@1b7cc17c]" started-at="2023-11-08T19:53:52 IST" name="beforeTestMethod" finished-at="2023-11-08T19:53:52 IST" duration-ms="226" status="PASS">
          <reporter-output>
          </reporter-output>
        </test-method> <!-- beforeTestMethod -->
        <test-method is-config="true" signature="setUp(java.lang.reflect.Method)[pri:0, instance:test.OutpatientClinic.CaptureVitals@1b7cc17c]" started-at="2023-11-08T19:53:52 IST" name="setUp" finished-at="2023-11-08T19:53:58 IST" duration-ms="5869" status="PASS">
          <params>
            <param index="0">
              <value>
                <![CDATA[public void test.OutpatientClinic.CaptureVitals.searchCapturevitalsByNametest(java.lang.String,java.lang.String) throws java.lang.InterruptedException]]>
              </value>
            </param>
          </params>
          <reporter-output>
          </reporter-output>
        </test-method> <!-- setUp -->
        <test-method signature="searchCapturevitalsByNametest(java.lang.String,java.lang.String)[pri:0, instance:test.OutpatientClinic.CaptureVitals@1b7cc17c]" started-at="2023-11-08T19:53:58 IST" name="searchCapturevitalsByNametest" data-provider="validCredentialData" finished-at="2023-11-08T19:54:27 IST" duration-ms="28891" status="PASS">
          <params>
            <param index="0">
              <value>
                <![CDATA[Admin]]>
              </value>
            </param>
            <param index="1">
              <value>
                <![CDATA[Admin123]]>
              </value>
            </param>
          </params>
          <reporter-output>
          </reporter-output>
        </test-method> <!-- searchCapturevitalsByNametest -->
        <test-method is-config="true" signature="afterMethod(org.testng.ITestResult)[pri:0, instance:test.OutpatientClinic.CaptureVitals@1b7cc17c]" started-at="2023-11-08T19:54:27 IST" name="afterMethod" finished-at="2023-11-08T19:54:28 IST" duration-ms="265" status="PASS">
          <params>
            <param index="0">
              <value>
                <![CDATA[[TestResult name=searchCapturevitalsByNametest status=SUCCESS method=CaptureVitals.searchCapturevitalsByNametest(java.lang.String,java.lang.String)[pri:0, instance:test.OutpatientClinic.CaptureVitals@1b7cc17c] output={null}]]]>
              </value>
            </param>
          </params>
          <reporter-output>
          </reporter-output>
        </test-method> <!-- afterMethod -->
        <test-method is-config="true" signature="aftertest()[pri:0, instance:test.OutpatientClinic.CaptureVitals@1b7cc17c]" started-at="2023-11-08T19:54:28 IST" name="aftertest" finished-at="2023-11-08T19:54:28 IST" duration-ms="770" status="PASS">
          <reporter-output>
          </reporter-output>
        </test-method> <!-- aftertest -->
      </class> <!-- test.OutpatientClinic.CaptureVitals -->
    </test> <!-- Default test -->
  </suite> <!-- Default suite -->
</testng-results>
